instancias de ej3

instancia_10.txt
El maximo beneficio es 4834
Tarda 0.0305032 segundos
Estas trabajando con el ej 3

instancia_11.txt
El maximo beneficio es 15566
Tarda 0.28458 segundos
Estas trabajando con el ej 3

instancia_12.txt
El maximo beneficio es 15382
Tarda 0.287875 segundos
Estas trabajando con el ej 3

instancia_13.txt
El maximo beneficio es 15665
Tarda 0.419953 segundos
Estas trabajando con el ej 3

instancia_1.txt
El maximo beneficio es 15
Tarda 8.511e-05 segundos
Estas trabajando con el ej 3

instancia_2.txt
El maximo beneficio es 27
Tarda 7.6694e-05 segundos
Estas trabajando con el ej 3

instancia_3.txt
El maximo beneficio es 30
Tarda 0.000230624 segundos
Estas trabajando con el ej 3

instancia_4.txt
El maximo beneficio es 15
Tarda 4.4213e-05 segundos
Estas trabajando con el ej 3

instancia_5.txt
El maximo beneficio es 1456
Tarda 0.00337086 segundos
Estas trabajando con el ej 3

instancia_6.txt
El maximo beneficio es 1416
Tarda 0.00350802 segundos
Estas trabajando con el ej 3

instancia_7.txt
El maximo beneficio es 1578
Tarda 0.0031306 segundos
Estas trabajando con el ej 3

instancia_8.txt
El maximo beneficio es 5100
Tarda 0.0317713 segundos
Estas trabajando con el ej 3

instancia_9.txt
El maximo beneficio es 5103
Tarda 0.0318761 segundos
Estas trabajando con el ej 3

