instancias de ej1
Procesando ../instancias/instancias-ej1-2/brock200_1.clq
2821
193 190 189 184 179 176 172 171 170 160 127 157 154 14 65 118 149 103 131
It took me 26.2088 seconds.
Estas trabajando con el ej 1
Procesando ../instancias/instancias-ej1-2/brock200_2.clq
1428
198 197 192 182 170 151 145 77 107
It took me 0.130567 seconds.
Estas trabajando con el ej 1
Procesando ../instancias/instancias-ej1-2/brock200_3.clq
2062
198 191 189 182 174 172 165 108 129 162 83 141 155
It took me 0.665445 seconds.
Estas trabajando con el ej 1
Procesando ../instancias/instancias-ej1-2/brock200_4.clq
2107
198 195 179 174 167 163 160 154 150 139 147 123 145
It took me 1.97598 seconds.
Estas trabajando con el ej 1
Procesando ../instancias/instancias-ej1-2/brock400_2.clq
